<?xml version="1.0" encoding="UTF-8"?>
<testsuite xmlns:xsi="http://www.w3.org/2001/XMLSchema-instance" xsi:noNamespaceSchemaLocation="https://maven.apache.org/surefire/maven-surefire-plugin/xsd/surefire-test-report.xsd" name="com.josebran.LogsJB.LogsJBTest" time="14.819" tests="1" errors="0" skipped="0" failures="0">
  <properties>
    <property name="java.specification.version" value="18"/>
    <property name="sun.cpu.isalist" value="amd64"/>
    <property name="sun.jnu.encoding" value="Cp1252"/>
    <property name="java.class.path" value="C:\Users\josec\IdeaProjects\LogsJB\target\test-classes;C:\Users\josec\IdeaProjects\LogsJB\target\classes;C:\Users\josec\.m2\repository\org\testng\testng\7.8.0\testng-7.8.0.jar;C:\Users\josec\.m2\repository\org\slf4j\slf4j-api\1.7.36\slf4j-api-1.7.36.jar;C:\Users\josec\.m2\repository\com\beust\jcommander\1.82\jcommander-1.82.jar;C:\Users\josec\.m2\repository\org\webjars\jquery\3.6.1\jquery-3.6.1.jar;C:\Users\josec\.m2\repository\com\github\sdrss\reportng\2.7.0\reportng-2.7.0.jar;C:\Users\josec\.m2\repository\velocity\velocity\1.5\velocity-1.5.jar;C:\Users\josec\.m2\repository\commons-collections\commons-collections\3.1\commons-collections-3.1.jar;C:\Users\josec\.m2\repository\commons-lang\commons-lang\2.1\commons-lang-2.1.jar;C:\Users\josec\.m2\repository\oro\oro\2.0.8\oro-2.0.8.jar;C:\Users\josec\.m2\repository\commons-io\commons-io\2.7\commons-io-2.7.jar;C:\Users\josec\.m2\repository\com\fasterxml\jackson\core\jackson-core\2.10.1\jackson-core-2.10.1.jar;C:\Users\josec\.m2\repository\com\fasterxml\jackson\core\jackson-databind\2.12.7.1\jackson-databind-2.12.7.1.jar;C:\Users\josec\.m2\repository\com\fasterxml\jackson\core\jackson-annotations\2.10.1\jackson-annotations-2.10.1.jar;C:\Users\josec\.m2\repository\com\google\inject\guice\4.2.2\guice-4.2.2.jar;C:\Users\josec\.m2\repository\javax\inject\javax.inject\1\javax.inject-1.jar;C:\Users\josec\.m2\repository\aopalliance\aopalliance\1.0\aopalliance-1.0.jar;C:\Users\josec\.m2\repository\com\google\guava\guava\25.1-android\guava-25.1-android.jar;C:\Users\josec\.m2\repository\com\google\code\findbugs\jsr305\3.0.2\jsr305-3.0.2.jar;C:\Users\josec\.m2\repository\org\checkerframework\checker-compat-qual\2.0.0\checker-compat-qual-2.0.0.jar;C:\Users\josec\.m2\repository\com\google\errorprone\error_prone_annotations\2.1.3\error_prone_annotations-2.1.3.jar;C:\Users\josec\.m2\repository\com\google\j2objc\j2objc-annotations\1.1\j2objc-annotations-1.1.jar;C:\Users\josec\.m2\repository\org\codehaus\mojo\animal-sniffer-annotations\1.14\animal-sniffer-annotations-1.14.jar;C:\Users\josec\.m2\repository\org\apache\commons\commons-lang3\3.13.0\commons-lang3-3.13.0.jar;"/>
    <property name="java.vm.vendor" value="Oracle Corporation"/>
    <property name="sun.arch.data.model" value="64"/>
    <property name="user.variant" value=""/>
    <property name="java.vendor.url" value="https://java.oracle.com/"/>
    <property name="user.timezone" value="America/Guatemala"/>
    <property name="os.name" value="Windows 10"/>
    <property name="java.vm.specification.version" value="18"/>
    <property name="sun.java.launcher" value="SUN_STANDARD"/>
    <property name="user.country" value="GT"/>
    <property name="sun.boot.library.path" value="C:\Program Files\Java\jdk-18.0.2\bin"/>
    <property name="sun.java.command" value="C:\Users\josec\AppData\Local\Temp\surefire18410032502331207911\surefirebooter16334238931398601238.jar C:\Users\josec\AppData\Local\Temp\surefire18410032502331207911 2023-08-24T22-54-18_167-jvmRun1 surefire10714068301252655642tmp surefire_09507637016321032588tmp"/>
    <property name="jdk.debug" value="release"/>
    <property name="surefire.test.class.path" value="C:\Users\josec\IdeaProjects\LogsJB\target\test-classes;C:\Users\josec\IdeaProjects\LogsJB\target\classes;C:\Users\josec\.m2\repository\org\testng\testng\7.8.0\testng-7.8.0.jar;C:\Users\josec\.m2\repository\org\slf4j\slf4j-api\1.7.36\slf4j-api-1.7.36.jar;C:\Users\josec\.m2\repository\com\beust\jcommander\1.82\jcommander-1.82.jar;C:\Users\josec\.m2\repository\org\webjars\jquery\3.6.1\jquery-3.6.1.jar;C:\Users\josec\.m2\repository\com\github\sdrss\reportng\2.7.0\reportng-2.7.0.jar;C:\Users\josec\.m2\repository\velocity\velocity\1.5\velocity-1.5.jar;C:\Users\josec\.m2\repository\commons-collections\commons-collections\3.1\commons-collections-3.1.jar;C:\Users\josec\.m2\repository\commons-lang\commons-lang\2.1\commons-lang-2.1.jar;C:\Users\josec\.m2\repository\oro\oro\2.0.8\oro-2.0.8.jar;C:\Users\josec\.m2\repository\commons-io\commons-io\2.7\commons-io-2.7.jar;C:\Users\josec\.m2\repository\com\fasterxml\jackson\core\jackson-core\2.10.1\jackson-core-2.10.1.jar;C:\Users\josec\.m2\repository\com\fasterxml\jackson\core\jackson-databind\2.12.7.1\jackson-databind-2.12.7.1.jar;C:\Users\josec\.m2\repository\com\fasterxml\jackson\core\jackson-annotations\2.10.1\jackson-annotations-2.10.1.jar;C:\Users\josec\.m2\repository\com\google\inject\guice\4.2.2\guice-4.2.2.jar;C:\Users\josec\.m2\repository\javax\inject\javax.inject\1\javax.inject-1.jar;C:\Users\josec\.m2\repository\aopalliance\aopalliance\1.0\aopalliance-1.0.jar;C:\Users\josec\.m2\repository\com\google\guava\guava\25.1-android\guava-25.1-android.jar;C:\Users\josec\.m2\repository\com\google\code\findbugs\jsr305\3.0.2\jsr305-3.0.2.jar;C:\Users\josec\.m2\repository\org\checkerframework\checker-compat-qual\2.0.0\checker-compat-qual-2.0.0.jar;C:\Users\josec\.m2\repository\com\google\errorprone\error_prone_annotations\2.1.3\error_prone_annotations-2.1.3.jar;C:\Users\josec\.m2\repository\com\google\j2objc\j2objc-annotations\1.1\j2objc-annotations-1.1.jar;C:\Users\josec\.m2\repository\org\codehaus\mojo\animal-sniffer-annotations\1.14\animal-sniffer-annotations-1.14.jar;C:\Users\josec\.m2\repository\org\apache\commons\commons-lang3\3.13.0\commons-lang3-3.13.0.jar;"/>
    <property name="sun.cpu.endian" value="little"/>
    <property name="user.home" value="C:\Users\josec"/>
    <property name="user.language" value="es"/>
    <property name="java.specification.vendor" value="Oracle Corporation"/>
    <property name="java.version.date" value="2022-07-19"/>
    <property name="java.home" value="C:\Program Files\Java\jdk-18.0.2"/>
    <property name="file.separator" value="\"/>
    <property name="basedir" value="C:\Users\josec\IdeaProjects\LogsJB"/>
    <property name="java.vm.compressedOopsMode" value="Zero based"/>
    <property name="line.separator" value="&#10;"/>
    <property name="java.vm.specification.vendor" value="Oracle Corporation"/>
    <property name="java.specification.name" value="Java Platform API Specification"/>
    <property name="surefire.real.class.path" value="C:\Users\josec\AppData\Local\Temp\surefire18410032502331207911\surefirebooter16334238931398601238.jar"/>
    <property name="user.script" value=""/>
    <property name="sun.management.compiler" value="HotSpot 64-Bit Tiered Compilers"/>
    <property name="java.runtime.version" value="18.0.2+9-61"/>
    <property name="user.name" value="josec"/>
    <property name="path.separator" value=";"/>
    <property name="os.version" value="10.0"/>
    <property name="java.runtime.name" value="OpenJDK Runtime Environment"/>
    <property name="file.encoding" value="UTF-8"/>
    <property name="java.vm.name" value="OpenJDK 64-Bit Server VM"/>
    <property name="localRepository" value="C:\Users\josec\.m2\repository"/>
    <property name="java.vendor.url.bug" value="https://bugreport.java.com/bugreport/"/>
    <property name="java.io.tmpdir" value="C:\Users\josec\AppData\Local\Temp\"/>
    <property name="java.version" value="18.0.2"/>
    <property name="user.dir" value="C:\Users\josec\IdeaProjects\LogsJB"/>
    <property name="os.arch" value="amd64"/>
    <property name="java.vm.specification.name" value="Java Virtual Machine Specification"/>
    <property name="sun.os.patch.level" value=""/>
    <property name="native.encoding" value="Cp1252"/>
    <property name="java.library.path" value="C:\Program Files\Java\jdk-18.0.2\bin;C:\Windows\Sun\Java\bin;C:\Windows\system32;C:\Windows;C:\Python310\Scripts\;C:\Python310\;C:\Program Files\Java\jdk-18.0.2\bin;C:\Program Files\Eclipse Foundation\jdk-16.0.2.7-hotspot\bin;C:\Windows\system32;C:\Windows;C:\Windows\System32\Wbem;C:\Windows\System32\WindowsPowerShell\v1.0\;C:\Windows\System32\OpenSSH\;C:\Program Files\Maven\bin;C:\Program Files (x86)\gnupg\bin;C:\Program Files (x86)\Microsoft SQL Server\150\Tools\Binn\;C:\Program Files\Microsoft SQL Server\150\Tools\Binn\;C:\Program Files (x86)\Microsoft SQL Server\150\DTS\Binn\;C:\Program Files\Microsoft SQL Server\150\DTS\Binn\;C:\Program Files\Microsoft SQL Server\Client SDK\ODBC\170\Tools\Binn\;C:\Program Files\Azure Data Studio\bin;C:\php;C:\composer;C:\Program Files\MySQL\MySQL Shell 8.0\bin\;C:\Users\josec\AppData\Local\Microsoft\WindowsApps;C:\Program Files\JetBrains\IntelliJ IDEA Community Edition 2022.2\bin;C:\Users\josec\AppData\Roaming\Composer\vendor\bin;C:\Users\josec\AppData\Local\Programs\Microsoft VS Code\bin;C:\Program Files\JetBrains\IntelliJ IDEA 2022.2.1\bin;C:\adb;C:\ProgramData\chocolatey\bin;C:\Users\josec\AppData\Local\Android\Sdk\platform-tools;C:\Users\josec\AppData\Local\Android\Sdk\emulator;C:\Users\josec\AppData\Local\Android\Sdk\cmdline-tools\latest\bin;C:\Gradle\bin;C:\Program Files\dotnet\;C:\Program Files\Git\cmd;C:\glassfish7\bin;C:\glassfish7\glassfish\bin;C:\Program Files (x86)\ZeroTier\One\;C:\Program Files\nodejs\;C:\Program Files\Docker\Docker\resources\bin;C:\Program Files\MySQL\MySQL Shell 8.0\bin\;C:\Users\josec\AppData\Local\Microsoft\WindowsApps;C:\Program Files\JetBrains\IntelliJ IDEA Community Edition 2022.2\bin;;C:\Program Files\Azure Data Studio\bin;C:\Users\josec\AppData\Roaming\Composer\vendor\bin;C:\Users\josec\AppData\Local\Programs\Microsoft VS Code\bin;C:\Program Files\JetBrains\IntelliJ IDEA 2023.1.3\bin;;C:\Users\josec\AppData\Local\GitHubDesktop\bin;C:\Program Files\JetBrains\CLion 2022.2.4\bin;;C:\Users\josec\AppData\Roaming\npm;."/>
    <property name="java.vm.info" value="mixed mode, sharing"/>
    <property name="java.vendor" value="Oracle Corporation"/>
    <property name="java.vm.version" value="18.0.2+9-61"/>
    <property name="sun.io.unicode.encoding" value="UnicodeLittle"/>
    <property name="java.class.version" value="62.0"/>
  </properties>
  <testcase name="writeLog" classname="com.josebran.LogsJB.LogsJBTest" time="7.909"/>
</testsuite>