<?xml version="1.0" encoding="UTF-8"?>
<!-- Generated by org.testng.reporters.JUnitReportReporter -->
<testsuite hostname="DESKTOP-IJ5P42Q" failures="0" tests="1" name="com.josebran.LogsJB.LogsJBTest" time="4.912" errors="0" timestamp="2023-08-24T22:54:36 CST" skipped="0">
  <testcase classname="com.josebran.LogsJB.LogsJBTest" name="writeLog" time="4.912"/>
</testsuite> <!-- com.josebran.LogsJB.LogsJBTest -->
